0111110
1011101
1101011
1110111
1101011
1011101
0111110

0110
1001
1001
0110

0111111110
1011111101
1101111011
1110110111
1111001111
1111001111
1110110111
1101111011
1011111101
0111111110

01110
10101
11011
10101
01110

01111111111111111110
10111111111111111101
11011111111111111011
11101111111111110111
11110111111111101111
11111011111111011111
11111101111110111111
11111110111101111111
11111111011011111111
11111111100111111111
11111111100111111111
11111111011011111111
11111110111101111111
11111101111110111111
11111011111111011111
11110111111111101111
11101111111111110111
11011111111111111011
10111111111111111101
01111111111111111110

